[20-Jul-2023 18:07:57 UTC] PHP Warning:  Undefined array key "index_type" in C:\xampp2\htdocs\wp\wordpress_plugin_development\wp-admin\includes\upgrade.php on line 2873
[20-Jul-2023 18:07:57 UTC] PHP Deprecated:  trim(): Passing null to parameter #1 ($string) of type string is deprecated in C:\xampp2\htdocs\wp\wordpress_plugin_development\wp-admin\includes\upgrade.php on line 2873
[20-Jul-2023 18:07:57 UTC] PHP Warning:  Undefined array key "index_name" in C:\xampp2\htdocs\wp\wordpress_plugin_development\wp-admin\includes\upgrade.php on line 2879
[20-Jul-2023 18:07:57 UTC] PHP Deprecated:  strtolower(): Passing null to parameter #1 ($string) of type string is deprecated in C:\xampp2\htdocs\wp\wordpress_plugin_development\wp-admin\includes\upgrade.php on line 2879
[20-Jul-2023 18:07:57 UTC] PHP Warning:  Undefined array key "index_columns" in C:\xampp2\htdocs\wp\wordpress_plugin_development\wp-admin\includes\upgrade.php on line 2882
[20-Jul-2023 18:07:57 UTC] PHP Deprecated:  explode(): Passing null to parameter #2 ($string) of type string is deprecated in C:\xampp2\htdocs\wp\wordpress_plugin_development\wp-admin\includes\upgrade.php on line 2882
[20-Jul-2023 18:07:57 UTC] PHP Warning:  Undefined array key "column_name" in C:\xampp2\htdocs\wp\wordpress_plugin_development\wp-admin\includes\upgrade.php on line 2913
[20-Jul-2023 18:07:57 UTC] WordPress database error You have an error in your SQL syntax; check the manual that corresponds to your MariaDB server version for the right syntax to use near '(``)' at line 1 for query ALTER TABLE wp_persons ADD  `` (``) made by activate_plugin, do_action('activate_database-demo/database-demo.php'), WP_Hook->do_action, WP_Hook->apply_filters, dbdemo_init, dbDelta
[20-Jul-2023 18:08:36 UTC] PHP Warning:  Undefined array key "index_type" in C:\xampp2\htdocs\wp\wordpress_plugin_development\wp-admin\includes\upgrade.php on line 2873
[20-Jul-2023 18:08:36 UTC] PHP Deprecated:  trim(): Passing null to parameter #1 ($string) of type string is deprecated in C:\xampp2\htdocs\wp\wordpress_plugin_development\wp-admin\includes\upgrade.php on line 2873
[20-Jul-2023 18:08:36 UTC] PHP Warning:  Undefined array key "index_name" in C:\xampp2\htdocs\wp\wordpress_plugin_development\wp-admin\includes\upgrade.php on line 2879
[20-Jul-2023 18:08:36 UTC] PHP Deprecated:  strtolower(): Passing null to parameter #1 ($string) of type string is deprecated in C:\xampp2\htdocs\wp\wordpress_plugin_development\wp-admin\includes\upgrade.php on line 2879
[20-Jul-2023 18:08:36 UTC] PHP Warning:  Undefined array key "index_columns" in C:\xampp2\htdocs\wp\wordpress_plugin_development\wp-admin\includes\upgrade.php on line 2882
[20-Jul-2023 18:08:36 UTC] PHP Deprecated:  explode(): Passing null to parameter #2 ($string) of type string is deprecated in C:\xampp2\htdocs\wp\wordpress_plugin_development\wp-admin\includes\upgrade.php on line 2882
[20-Jul-2023 18:08:36 UTC] PHP Warning:  Undefined array key "column_name" in C:\xampp2\htdocs\wp\wordpress_plugin_development\wp-admin\includes\upgrade.php on line 2913
[20-Jul-2023 18:08:37 UTC] WordPress database error You have an error in your SQL syntax; check the manual that corresponds to your MariaDB server version for the right syntax to use near '(``)' at line 1 for query ALTER TABLE wp_persons ADD  `` (``) made by activate_plugin, do_action('activate_database-demo/database-demo.php'), WP_Hook->do_action, WP_Hook->apply_filters, dbdemo_init, dbDelta
[20-Jul-2023 18:10:04 UTC] PHP Warning:  Undefined array key "index_type" in C:\xampp2\htdocs\wp\wordpress_plugin_development\wp-admin\includes\upgrade.php on line 2873
[20-Jul-2023 18:10:04 UTC] PHP Deprecated:  trim(): Passing null to parameter #1 ($string) of type string is deprecated in C:\xampp2\htdocs\wp\wordpress_plugin_development\wp-admin\includes\upgrade.php on line 2873
[20-Jul-2023 18:10:04 UTC] PHP Warning:  Undefined array key "index_name" in C:\xampp2\htdocs\wp\wordpress_plugin_development\wp-admin\includes\upgrade.php on line 2879
[20-Jul-2023 18:10:04 UTC] PHP Deprecated:  strtolower(): Passing null to parameter #1 ($string) of type string is deprecated in C:\xampp2\htdocs\wp\wordpress_plugin_development\wp-admin\includes\upgrade.php on line 2879
[20-Jul-2023 18:10:04 UTC] PHP Warning:  Undefined array key "index_columns" in C:\xampp2\htdocs\wp\wordpress_plugin_development\wp-admin\includes\upgrade.php on line 2882
[20-Jul-2023 18:10:04 UTC] PHP Deprecated:  explode(): Passing null to parameter #2 ($string) of type string is deprecated in C:\xampp2\htdocs\wp\wordpress_plugin_development\wp-admin\includes\upgrade.php on line 2882
[20-Jul-2023 18:10:04 UTC] PHP Warning:  Undefined array key "column_name" in C:\xampp2\htdocs\wp\wordpress_plugin_development\wp-admin\includes\upgrade.php on line 2913
[20-Jul-2023 18:10:05 UTC] WordPress database error You have an error in your SQL syntax; check the manual that corresponds to your MariaDB server version for the right syntax to use near '(``)' at line 1 for query ALTER TABLE wp_persons ADD  `` (``) made by activate_plugin, do_action('activate_database-demo/database-demo.php'), WP_Hook->do_action, WP_Hook->apply_filters, dbdemo_init, dbDelta
[20-Jul-2023 18:11:01 UTC] PHP Warning:  Undefined array key "index_type" in C:\xampp2\htdocs\wp\wordpress_plugin_development\wp-admin\includes\upgrade.php on line 2873
[20-Jul-2023 18:11:01 UTC] PHP Deprecated:  trim(): Passing null to parameter #1 ($string) of type string is deprecated in C:\xampp2\htdocs\wp\wordpress_plugin_development\wp-admin\includes\upgrade.php on line 2873
[20-Jul-2023 18:11:01 UTC] PHP Warning:  Undefined array key "index_name" in C:\xampp2\htdocs\wp\wordpress_plugin_development\wp-admin\includes\upgrade.php on line 2879
[20-Jul-2023 18:11:01 UTC] PHP Deprecated:  strtolower(): Passing null to parameter #1 ($string) of type string is deprecated in C:\xampp2\htdocs\wp\wordpress_plugin_development\wp-admin\includes\upgrade.php on line 2879
[20-Jul-2023 18:11:01 UTC] PHP Warning:  Undefined array key "index_columns" in C:\xampp2\htdocs\wp\wordpress_plugin_development\wp-admin\includes\upgrade.php on line 2882
[20-Jul-2023 18:11:01 UTC] PHP Deprecated:  explode(): Passing null to parameter #2 ($string) of type string is deprecated in C:\xampp2\htdocs\wp\wordpress_plugin_development\wp-admin\includes\upgrade.php on line 2882
[20-Jul-2023 18:11:01 UTC] PHP Warning:  Undefined array key "column_name" in C:\xampp2\htdocs\wp\wordpress_plugin_development\wp-admin\includes\upgrade.php on line 2913
[20-Jul-2023 18:11:01 UTC] WordPress database error You have an error in your SQL syntax; check the manual that corresponds to your MariaDB server version for the right syntax to use near '(``)' at line 1 for query ALTER TABLE wp_persons ADD  `` (``) made by activate_plugin, do_action('activate_database-demo/database-demo.php'), WP_Hook->do_action, WP_Hook->apply_filters, dbdemo_init, dbDelta
[20-Jul-2023 18:12:44 UTC] PHP Warning:  Undefined array key "index_type" in C:\xampp2\htdocs\wp\wordpress_plugin_development\wp-admin\includes\upgrade.php on line 2873
[20-Jul-2023 18:12:44 UTC] PHP Deprecated:  trim(): Passing null to parameter #1 ($string) of type string is deprecated in C:\xampp2\htdocs\wp\wordpress_plugin_development\wp-admin\includes\upgrade.php on line 2873
[20-Jul-2023 18:12:44 UTC] PHP Warning:  Undefined array key "index_name" in C:\xampp2\htdocs\wp\wordpress_plugin_development\wp-admin\includes\upgrade.php on line 2879
[20-Jul-2023 18:12:44 UTC] PHP Deprecated:  strtolower(): Passing null to parameter #1 ($string) of type string is deprecated in C:\xampp2\htdocs\wp\wordpress_plugin_development\wp-admin\includes\upgrade.php on line 2879
[20-Jul-2023 18:12:44 UTC] PHP Warning:  Undefined array key "index_columns" in C:\xampp2\htdocs\wp\wordpress_plugin_development\wp-admin\includes\upgrade.php on line 2882
[20-Jul-2023 18:12:44 UTC] PHP Deprecated:  explode(): Passing null to parameter #2 ($string) of type string is deprecated in C:\xampp2\htdocs\wp\wordpress_plugin_development\wp-admin\includes\upgrade.php on line 2882
[20-Jul-2023 18:12:44 UTC] PHP Warning:  Undefined array key "column_name" in C:\xampp2\htdocs\wp\wordpress_plugin_development\wp-admin\includes\upgrade.php on line 2913
[20-Jul-2023 18:12:44 UTC] WordPress database error You have an error in your SQL syntax; check the manual that corresponds to your MariaDB server version for the right syntax to use near '(``)' at line 1 for query ALTER TABLE wp_persons ADD  `` (``) made by activate_plugin, do_action('activate_database-demo/database-demo.php'), WP_Hook->do_action, WP_Hook->apply_filters, dbdemo_init, dbDelta
[20-Jul-2023 18:12:44 UTC] PHP Warning:  Undefined array key "index_type" in C:\xampp2\htdocs\wp\wordpress_plugin_development\wp-admin\includes\upgrade.php on line 2873
[20-Jul-2023 18:12:44 UTC] PHP Deprecated:  trim(): Passing null to parameter #1 ($string) of type string is deprecated in C:\xampp2\htdocs\wp\wordpress_plugin_development\wp-admin\includes\upgrade.php on line 2873
[20-Jul-2023 18:12:44 UTC] PHP Warning:  Undefined array key "index_name" in C:\xampp2\htdocs\wp\wordpress_plugin_development\wp-admin\includes\upgrade.php on line 2879
[20-Jul-2023 18:12:44 UTC] PHP Deprecated:  strtolower(): Passing null to parameter #1 ($string) of type string is deprecated in C:\xampp2\htdocs\wp\wordpress_plugin_development\wp-admin\includes\upgrade.php on line 2879
[20-Jul-2023 18:12:44 UTC] PHP Warning:  Undefined array key "index_columns" in C:\xampp2\htdocs\wp\wordpress_plugin_development\wp-admin\includes\upgrade.php on line 2882
[20-Jul-2023 18:12:44 UTC] PHP Deprecated:  explode(): Passing null to parameter #2 ($string) of type string is deprecated in C:\xampp2\htdocs\wp\wordpress_plugin_development\wp-admin\includes\upgrade.php on line 2882
[20-Jul-2023 18:12:44 UTC] PHP Warning:  Undefined array key "column_name" in C:\xampp2\htdocs\wp\wordpress_plugin_development\wp-admin\includes\upgrade.php on line 2913
[20-Jul-2023 18:12:45 UTC] WordPress database error You have an error in your SQL syntax; check the manual that corresponds to your MariaDB server version for the right syntax to use near '(``)' at line 1 for query ALTER TABLE wp_persons ADD  `` (``) made by activate_plugin, do_action('activate_database-demo/database-demo.php'), WP_Hook->do_action, WP_Hook->apply_filters, dbdemo_init, dbDelta
[20-Jul-2023 18:15:47 UTC] WordPress database error Can't DROP COLUMN `age`; check that it exists for query ALTER TABLE wp_persons DROP COLUMN age made by require_once('wp-load.php'), require_once('wp-config.php'), require_once('wp-settings.php'), do_action('plugins_loaded'), WP_Hook->do_action, WP_Hook->apply_filters, wpdb_plugins_loaded
[20-Jul-2023 18:15:52 UTC] PHP Warning:  Undefined array key "index_type" in C:\xampp2\htdocs\wp\wordpress_plugin_development\wp-admin\includes\upgrade.php on line 2873
[20-Jul-2023 18:15:52 UTC] PHP Deprecated:  trim(): Passing null to parameter #1 ($string) of type string is deprecated in C:\xampp2\htdocs\wp\wordpress_plugin_development\wp-admin\includes\upgrade.php on line 2873
[20-Jul-2023 18:15:52 UTC] PHP Warning:  Undefined array key "index_name" in C:\xampp2\htdocs\wp\wordpress_plugin_development\wp-admin\includes\upgrade.php on line 2879
[20-Jul-2023 18:15:52 UTC] PHP Deprecated:  strtolower(): Passing null to parameter #1 ($string) of type string is deprecated in C:\xampp2\htdocs\wp\wordpress_plugin_development\wp-admin\includes\upgrade.php on line 2879
[20-Jul-2023 18:15:52 UTC] PHP Warning:  Undefined array key "index_columns" in C:\xampp2\htdocs\wp\wordpress_plugin_development\wp-admin\includes\upgrade.php on line 2882
[20-Jul-2023 18:15:52 UTC] PHP Deprecated:  explode(): Passing null to parameter #2 ($string) of type string is deprecated in C:\xampp2\htdocs\wp\wordpress_plugin_development\wp-admin\includes\upgrade.php on line 2882
[20-Jul-2023 18:15:52 UTC] PHP Warning:  Undefined array key "column_name" in C:\xampp2\htdocs\wp\wordpress_plugin_development\wp-admin\includes\upgrade.php on line 2913
[20-Jul-2023 18:15:52 UTC] WordPress database error You have an error in your SQL syntax; check the manual that corresponds to your MariaDB server version for the right syntax to use near '(``)' at line 1 for query ALTER TABLE wp_persons ADD  `` (``) made by activate_plugin, do_action('activate_database-demo/database-demo.php'), WP_Hook->do_action, WP_Hook->apply_filters, dbdemo_init, dbDelta
[20-Jul-2023 18:15:53 UTC] WordPress database error Can't DROP COLUMN `age`; check that it exists for query ALTER TABLE wp_persons DROP COLUMN age made by require_once('wp-admin/admin.php'), require_once('wp-load.php'), require_once('wp-config.php'), require_once('wp-settings.php'), do_action('plugins_loaded'), WP_Hook->do_action, WP_Hook->apply_filters, wpdb_plugins_loaded
[20-Jul-2023 18:16:07 UTC] WordPress database error Can't DROP COLUMN `age`; check that it exists for query ALTER TABLE wp_persons DROP COLUMN age made by require_once('wp-admin/admin.php'), require_once('wp-load.php'), require_once('wp-config.php'), require_once('wp-settings.php'), do_action('plugins_loaded'), WP_Hook->do_action, WP_Hook->apply_filters, wpdb_plugins_loaded
[20-Jul-2023 18:18:09 UTC] WordPress database error Can't DROP COLUMN `age`; check that it exists for query ALTER TABLE wp_persons DROP COLUMN age made by require_once('wp-load.php'), require_once('wp-config.php'), require_once('wp-settings.php'), do_action('plugins_loaded'), WP_Hook->do_action, WP_Hook->apply_filters, wpdb_plugins_loaded
[20-Jul-2023 18:20:10 UTC] WordPress database error Can't DROP COLUMN `age`; check that it exists for query ALTER TABLE wp_persons DROP COLUMN age made by require_once('wp-load.php'), require_once('wp-config.php'), require_once('wp-settings.php'), do_action('plugins_loaded'), WP_Hook->do_action, WP_Hook->apply_filters, wpdb_plugins_loaded
[20-Jul-2023 18:22:11 UTC] WordPress database error Can't DROP COLUMN `age`; check that it exists for query ALTER TABLE wp_persons DROP COLUMN age made by require_once('wp-load.php'), require_once('wp-config.php'), require_once('wp-settings.php'), do_action('plugins_loaded'), WP_Hook->do_action, WP_Hook->apply_filters, wpdb_plugins_loaded
[20-Jul-2023 18:24:12 UTC] WordPress database error Can't DROP COLUMN `age`; check that it exists for query ALTER TABLE wp_persons DROP COLUMN age made by require_once('wp-load.php'), require_once('wp-config.php'), require_once('wp-settings.php'), do_action('plugins_loaded'), WP_Hook->do_action, WP_Hook->apply_filters, wpdb_plugins_loaded
[20-Jul-2023 18:26:13 UTC] WordPress database error Can't DROP COLUMN `age`; check that it exists for query ALTER TABLE wp_persons DROP COLUMN age made by require_once('wp-load.php'), require_once('wp-config.php'), require_once('wp-settings.php'), do_action('plugins_loaded'), WP_Hook->do_action, WP_Hook->apply_filters, wpdb_plugins_loaded
[20-Jul-2023 18:28:14 UTC] WordPress database error Can't DROP COLUMN `age`; check that it exists for query ALTER TABLE wp_persons DROP COLUMN age made by require_once('wp-load.php'), require_once('wp-config.php'), require_once('wp-settings.php'), do_action('plugins_loaded'), WP_Hook->do_action, WP_Hook->apply_filters, wpdb_plugins_loaded
[20-Jul-2023 18:30:15 UTC] WordPress database error Can't DROP COLUMN `age`; check that it exists for query ALTER TABLE wp_persons DROP COLUMN age made by require_once('wp-load.php'), require_once('wp-config.php'), require_once('wp-settings.php'), do_action('plugins_loaded'), WP_Hook->do_action, WP_Hook->apply_filters, wpdb_plugins_loaded
[20-Jul-2023 18:32:16 UTC] WordPress database error Can't DROP COLUMN `age`; check that it exists for query ALTER TABLE wp_persons DROP COLUMN age made by require_once('wp-load.php'), require_once('wp-config.php'), require_once('wp-settings.php'), do_action('plugins_loaded'), WP_Hook->do_action, WP_Hook->apply_filters, wpdb_plugins_loaded
[20-Jul-2023 18:34:17 UTC] WordPress database error Can't DROP COLUMN `age`; check that it exists for query ALTER TABLE wp_persons DROP COLUMN age made by require_once('wp-load.php'), require_once('wp-config.php'), require_once('wp-settings.php'), do_action('plugins_loaded'), WP_Hook->do_action, WP_Hook->apply_filters, wpdb_plugins_loaded
[20-Jul-2023 18:36:18 UTC] WordPress database error Can't DROP COLUMN `age`; check that it exists for query ALTER TABLE wp_persons DROP COLUMN age made by require_once('wp-load.php'), require_once('wp-config.php'), require_once('wp-settings.php'), do_action('plugins_loaded'), WP_Hook->do_action, WP_Hook->apply_filters, wpdb_plugins_loaded
[20-Jul-2023 18:38:19 UTC] WordPress database error Can't DROP COLUMN `age`; check that it exists for query ALTER TABLE wp_persons DROP COLUMN age made by require_once('wp-load.php'), require_once('wp-config.php'), require_once('wp-settings.php'), do_action('plugins_loaded'), WP_Hook->do_action, WP_Hook->apply_filters, wpdb_plugins_loaded
[20-Jul-2023 18:40:20 UTC] WordPress database error Can't DROP COLUMN `age`; check that it exists for query ALTER TABLE wp_persons DROP COLUMN age made by require_once('wp-load.php'), require_once('wp-config.php'), require_once('wp-settings.php'), do_action('plugins_loaded'), WP_Hook->do_action, WP_Hook->apply_filters, wpdb_plugins_loaded
[20-Jul-2023 18:41:21 UTC] WordPress database error Can't DROP COLUMN `age`; check that it exists for query ALTER TABLE wp_persons DROP COLUMN age made by require_once('wp-load.php'), require_once('wp-config.php'), require_once('wp-settings.php'), do_action('plugins_loaded'), WP_Hook->do_action, WP_Hook->apply_filters, wpdb_plugins_loaded
[20-Jul-2023 18:43:22 UTC] WordPress database error Can't DROP COLUMN `age`; check that it exists for query ALTER TABLE wp_persons DROP COLUMN age made by require_once('wp-load.php'), require_once('wp-config.php'), require_once('wp-settings.php'), do_action('plugins_loaded'), WP_Hook->do_action, WP_Hook->apply_filters, wpdb_plugins_loaded
[20-Jul-2023 18:45:23 UTC] WordPress database error Can't DROP COLUMN `age`; check that it exists for query ALTER TABLE wp_persons DROP COLUMN age made by require_once('wp-load.php'), require_once('wp-config.php'), require_once('wp-settings.php'), do_action('plugins_loaded'), WP_Hook->do_action, WP_Hook->apply_filters, wpdb_plugins_loaded
[20-Jul-2023 18:47:24 UTC] WordPress database error Can't DROP COLUMN `age`; check that it exists for query ALTER TABLE wp_persons DROP COLUMN age made by require_once('wp-load.php'), require_once('wp-config.php'), require_once('wp-settings.php'), do_action('plugins_loaded'), WP_Hook->do_action, WP_Hook->apply_filters, wpdb_plugins_loaded
[20-Jul-2023 18:49:25 UTC] WordPress database error Can't DROP COLUMN `age`; check that it exists for query ALTER TABLE wp_persons DROP COLUMN age made by require_once('wp-load.php'), require_once('wp-config.php'), require_once('wp-settings.php'), do_action('plugins_loaded'), WP_Hook->do_action, WP_Hook->apply_filters, wpdb_plugins_loaded
[20-Sep-2023 15:18:05 UTC] PHP Warning:  mysqli_real_connect(): (HY000/2002): No connection could be made because the target machine actively refused it in C:\xampp2\htdocs\wp\wordpress_plugin_development\wp-includes\class-wpdb.php on line 2019
[21-Sep-2023 15:37:06 UTC] WordPress database error Can't DROP COLUMN `age`; check that it exists for query ALTER TABLE wp_persons DROP COLUMN age made by require_once('wp-admin/admin.php'), require_once('wp-load.php'), require_once('wp-config.php'), require_once('wp-settings.php'), do_action('plugins_loaded'), WP_Hook->do_action, WP_Hook->apply_filters, wpdb_plugins_loaded
[21-Sep-2023 15:37:10 UTC] WordPress database error Can't DROP COLUMN `age`; check that it exists for query ALTER TABLE wp_persons DROP COLUMN age made by require_once('wp-load.php'), require_once('wp-config.php'), require_once('wp-settings.php'), do_action('plugins_loaded'), WP_Hook->do_action, WP_Hook->apply_filters, wpdb_plugins_loaded
[21-Sep-2023 15:37:14 UTC] WordPress database error Can't DROP COLUMN `age`; check that it exists for query ALTER TABLE wp_persons DROP COLUMN age made by require_once('wp-load.php'), require_once('wp-config.php'), require_once('wp-settings.php'), do_action('plugins_loaded'), WP_Hook->do_action, WP_Hook->apply_filters, wpdb_plugins_loaded
[21-Sep-2023 15:37:23 UTC] WordPress database error Can't DROP COLUMN `age`; check that it exists for query ALTER TABLE wp_persons DROP COLUMN age made by require_once('wp-admin/admin.php'), require_once('wp-load.php'), require_once('wp-config.php'), require_once('wp-settings.php'), do_action('plugins_loaded'), WP_Hook->do_action, WP_Hook->apply_filters, wpdb_plugins_loaded
[21-Sep-2023 15:38:00 UTC] WordPress database error Can't DROP COLUMN `age`; check that it exists for query ALTER TABLE wp_persons DROP COLUMN age made by require_once('wp-load.php'), require_once('wp-config.php'), require_once('wp-settings.php'), do_action('plugins_loaded'), WP_Hook->do_action, WP_Hook->apply_filters, wpdb_plugins_loaded
[21-Sep-2023 15:38:00 UTC] WordPress database error Can't DROP COLUMN `age`; check that it exists for query ALTER TABLE wp_persons DROP COLUMN age made by require_once('wp-load.php'), require_once('wp-config.php'), require_once('wp-settings.php'), do_action('plugins_loaded'), WP_Hook->do_action, WP_Hook->apply_filters, wpdb_plugins_loaded
[21-Sep-2023 15:38:06 UTC] WordPress database error Can't DROP COLUMN `age`; check that it exists for query ALTER TABLE wp_persons DROP COLUMN age made by require_once('wp-load.php'), require_once('wp-config.php'), require_once('wp-settings.php'), do_action('plugins_loaded'), WP_Hook->do_action, WP_Hook->apply_filters, wpdb_plugins_loaded
[21-Sep-2023 15:39:42 UTC] WordPress database error Can't DROP COLUMN `age`; check that it exists for query ALTER TABLE wp_persons DROP COLUMN age made by require_once('wp-load.php'), require_once('wp-config.php'), require_once('wp-settings.php'), do_action('plugins_loaded'), WP_Hook->do_action, WP_Hook->apply_filters, wpdb_plugins_loaded
[21-Sep-2023 15:40:48 UTC] WordPress database error Can't DROP COLUMN `age`; check that it exists for query ALTER TABLE wp_persons DROP COLUMN age made by require_once('wp-load.php'), require_once('wp-config.php'), require_once('wp-settings.php'), do_action('plugins_loaded'), WP_Hook->do_action, WP_Hook->apply_filters, wpdb_plugins_loaded
[21-Sep-2023 15:41:48 UTC] WordPress database error Can't DROP COLUMN `age`; check that it exists for query ALTER TABLE wp_persons DROP COLUMN age made by require_once('wp-load.php'), require_once('wp-config.php'), require_once('wp-settings.php'), do_action('plugins_loaded'), WP_Hook->do_action, WP_Hook->apply_filters, wpdb_plugins_loaded
[21-Sep-2023 15:42:48 UTC] WordPress database error Can't DROP COLUMN `age`; check that it exists for query ALTER TABLE wp_persons DROP COLUMN age made by require_once('wp-load.php'), require_once('wp-config.php'), require_once('wp-settings.php'), do_action('plugins_loaded'), WP_Hook->do_action, WP_Hook->apply_filters, wpdb_plugins_loaded
[21-Sep-2023 15:43:49 UTC] WordPress database error Can't DROP COLUMN `age`; check that it exists for query ALTER TABLE wp_persons DROP COLUMN age made by require_once('wp-load.php'), require_once('wp-config.php'), require_once('wp-settings.php'), do_action('plugins_loaded'), WP_Hook->do_action, WP_Hook->apply_filters, wpdb_plugins_loaded
[21-Sep-2023 15:45:04 UTC] WordPress database error Can't DROP COLUMN `age`; check that it exists for query ALTER TABLE wp_persons DROP COLUMN age made by require_once('wp-load.php'), require_once('wp-config.php'), require_once('wp-settings.php'), do_action('plugins_loaded'), WP_Hook->do_action, WP_Hook->apply_filters, wpdb_plugins_loaded
[21-Sep-2023 15:46:04 UTC] WordPress database error Can't DROP COLUMN `age`; check that it exists for query ALTER TABLE wp_persons DROP COLUMN age made by require_once('wp-load.php'), require_once('wp-config.php'), require_once('wp-settings.php'), do_action('plugins_loaded'), WP_Hook->do_action, WP_Hook->apply_filters, wpdb_plugins_loaded
[21-Sep-2023 15:47:04 UTC] WordPress database error Can't DROP COLUMN `age`; check that it exists for query ALTER TABLE wp_persons DROP COLUMN age made by require_once('wp-load.php'), require_once('wp-config.php'), require_once('wp-settings.php'), do_action('plugins_loaded'), WP_Hook->do_action, WP_Hook->apply_filters, wpdb_plugins_loaded
[21-Sep-2023 15:48:05 UTC] WordPress database error Can't DROP COLUMN `age`; check that it exists for query ALTER TABLE wp_persons DROP COLUMN age made by require_once('wp-load.php'), require_once('wp-config.php'), require_once('wp-settings.php'), do_action('plugins_loaded'), WP_Hook->do_action, WP_Hook->apply_filters, wpdb_plugins_loaded
[21-Sep-2023 15:50:06 UTC] WordPress database error Can't DROP COLUMN `age`; check that it exists for query ALTER TABLE wp_persons DROP COLUMN age made by require_once('wp-load.php'), require_once('wp-config.php'), require_once('wp-settings.php'), do_action('plugins_loaded'), WP_Hook->do_action, WP_Hook->apply_filters, wpdb_plugins_loaded
[21-Sep-2023 15:50:40 UTC] WordPress database error Can't DROP COLUMN `age`; check that it exists for query ALTER TABLE wp_persons DROP COLUMN age made by require_once('wp-load.php'), require_once('wp-config.php'), require_once('wp-settings.php'), do_action('plugins_loaded'), WP_Hook->do_action, WP_Hook->apply_filters, wpdb_plugins_loaded
[21-Sep-2023 15:51:41 UTC] WordPress database error Can't DROP COLUMN `age`; check that it exists for query ALTER TABLE wp_persons DROP COLUMN age made by require_once('wp-load.php'), require_once('wp-config.php'), require_once('wp-settings.php'), do_action('plugins_loaded'), WP_Hook->do_action, WP_Hook->apply_filters, wpdb_plugins_loaded
[21-Sep-2023 15:53:37 UTC] WordPress database error Can't DROP COLUMN `age`; check that it exists for query ALTER TABLE wp_persons DROP COLUMN age made by require_once('wp-load.php'), require_once('wp-config.php'), require_once('wp-settings.php'), do_action('plugins_loaded'), WP_Hook->do_action, WP_Hook->apply_filters, wpdb_plugins_loaded
[21-Sep-2023 15:53:38 UTC] WordPress database error Can't DROP COLUMN `age`; check that it exists for query ALTER TABLE wp_persons DROP COLUMN age made by require_once('wp-load.php'), require_once('wp-config.php'), require_once('wp-settings.php'), do_action('plugins_loaded'), WP_Hook->do_action, WP_Hook->apply_filters, wpdb_plugins_loaded
[21-Sep-2023 15:53:47 UTC] WordPress database error Can't DROP COLUMN `age`; check that it exists for query ALTER TABLE wp_persons DROP COLUMN age made by require_once('wp-load.php'), require_once('wp-config.php'), require_once('wp-settings.php'), do_action('plugins_loaded'), WP_Hook->do_action, WP_Hook->apply_filters, wpdb_plugins_loaded
[21-Sep-2023 15:54:48 UTC] WordPress database error Can't DROP COLUMN `age`; check that it exists for query ALTER TABLE wp_persons DROP COLUMN age made by require_once('wp-load.php'), require_once('wp-config.php'), require_once('wp-settings.php'), do_action('plugins_loaded'), WP_Hook->do_action, WP_Hook->apply_filters, wpdb_plugins_loaded
[21-Sep-2023 15:55:11 UTC] WordPress database error Can't DROP COLUMN `age`; check that it exists for query ALTER TABLE wp_persons DROP COLUMN age made by require_once('wp-load.php'), require_once('wp-config.php'), require_once('wp-settings.php'), do_action('plugins_loaded'), WP_Hook->do_action, WP_Hook->apply_filters, wpdb_plugins_loaded
[21-Sep-2023 15:56:12 UTC] PHP Parse error:  Unclosed '{' on line 96 in C:\xampp\htdocs\wp\wordpress_plugin_development\wp-content\plugins\database-demo\database-demo.php on line 127
[21-Sep-2023 15:57:26 UTC] WordPress database error Can't DROP COLUMN `age`; check that it exists for query ALTER TABLE wp_persons DROP COLUMN age made by require_once('wp-load.php'), require_once('wp-config.php'), require_once('wp-settings.php'), do_action('plugins_loaded'), WP_Hook->do_action, WP_Hook->apply_filters, wpdb_plugins_loaded
[21-Sep-2023 15:57:32 UTC] WordPress database error Can't DROP COLUMN `age`; check that it exists for query ALTER TABLE wp_persons DROP COLUMN age made by require_once('wp-load.php'), require_once('wp-config.php'), require_once('wp-settings.php'), do_action('plugins_loaded'), WP_Hook->do_action, WP_Hook->apply_filters, wpdb_plugins_loaded
[21-Sep-2023 15:57:42 UTC] WordPress database error Can't DROP COLUMN `age`; check that it exists for query ALTER TABLE wp_persons DROP COLUMN age made by require_once('wp-admin/admin.php'), require_once('wp-load.php'), require_once('wp-config.php'), require_once('wp-settings.php'), do_action('plugins_loaded'), WP_Hook->do_action, WP_Hook->apply_filters, wpdb_plugins_loaded
[21-Sep-2023 15:57:50 UTC] WordPress database error Can't DROP COLUMN `age`; check that it exists for query ALTER TABLE wp_persons DROP COLUMN age made by require_once('wp-load.php'), require_once('wp-config.php'), require_once('wp-settings.php'), do_action('plugins_loaded'), WP_Hook->do_action, WP_Hook->apply_filters, wpdb_plugins_loaded
[21-Sep-2023 15:57:53 UTC] WordPress database error Can't DROP COLUMN `age`; check that it exists for query ALTER TABLE wp_persons DROP COLUMN age made by require_once('wp-load.php'), require_once('wp-config.php'), require_once('wp-settings.php'), do_action('plugins_loaded'), WP_Hook->do_action, WP_Hook->apply_filters, wpdb_plugins_loaded
[21-Sep-2023 15:57:53 UTC] PHP Warning:  Undefined variable $name in C:\xampp\htdocs\wp\wordpress_plugin_development\wp-content\plugins\database-demo\database-demo.php on line 120
[21-Sep-2023 15:58:10 UTC] WordPress database error Can't DROP COLUMN `age`; check that it exists for query ALTER TABLE wp_persons DROP COLUMN age made by require_once('wp-load.php'), require_once('wp-config.php'), require_once('wp-settings.php'), do_action('plugins_loaded'), WP_Hook->do_action, WP_Hook->apply_filters, wpdb_plugins_loaded
[21-Sep-2023 15:58:17 UTC] WordPress database error Can't DROP COLUMN `age`; check that it exists for query ALTER TABLE wp_persons DROP COLUMN age made by require_once('wp-load.php'), require_once('wp-config.php'), require_once('wp-settings.php'), do_action('plugins_loaded'), WP_Hook->do_action, WP_Hook->apply_filters, wpdb_plugins_loaded
